{
  "RSpec": {
    "coverage": {
      "/Users/adamlodowski/Documents/Makers/projects/Week4/messaging_app/Bounce-messages/spec/features/messages_spec.rb": [
        1,
        null,
        1,
        1,
        1,
        1,
        1,
        1,
        null,
        null,
        1,
        1,
        1,
        null,
        null
      ],
      "/Users/adamlodowski/Documents/Makers/projects/Week4/messaging_app/Bounce-messages/spec/features/testing_infrastructure_spec.rb": [
        1,
        null,
        1,
        1,
        1,
        1,
        null,
        null
      ],
      "/Users/adamlodowski/Documents/Makers/projects/Week4/messaging_app/Bounce-messages/spec/features/username_spec.rb": [
        1,
        null,
        1,
        1,
        1,
        1,
        null,
        null
      ]
    },
    "timestamp": 1545064905
  }
}
